2025-03-06 00:48:25,045 - INFO - Обработка плейлиста: https://www.youtube.com/playlist?list=PLtB5fB96eFaqrAMqf1HammiIGOEnvaB6E
2025-03-06 00:48:25,045 - INFO - Используем cookies.txt для авторизации
2025-03-06 00:48:26,851 - INFO - Найдено 36 видео в плейлисте
2025-03-06 00:48:30,516 - INFO - Получена информация о видео: Священный груз / Sacred Cargo / Триллер / 1995
2025-03-06 00:48:30,516 - INFO - Начинаю скачивание: Священный груз / Sacred Cargo / Триллер / 1995
2025-03-06 00:48:34,864 - INFO - Получена информация о видео: Барханов и его телохранитель / Криминальная Комедия /1996
2025-03-06 00:48:34,864 - INFO - Начинаю скачивание: Барханов и его телохранитель / Криминальная Комедия /1996
2025-03-06 00:49:25,246 - INFO - Завершено скачивание: Барханов и его телохранитель / Криминальная Комедия /1996
2025-03-06 00:49:25,264 - INFO - Успешно скачано: Барханов и его телохранитель / Криминальная Комедия /1996
2025-03-06 00:49:28,643 - INFO - Получена информация о видео: Америкэн бой / Криминальный Боевик / 1992
2025-03-06 00:49:28,643 - INFO - Начинаю скачивание: Америкэн бой / Криминальный Боевик / 1992
2025-03-06 00:49:32,308 - INFO - Завершено скачивание: Священный груз / Sacred Cargo / Триллер / 1995
2025-03-06 00:49:32,339 - INFO - Успешно скачано: Священный груз / Sacred Cargo / Триллер / 1995
2025-03-06 00:49:36,172 - INFO - Получена информация о видео: Секунда до смерти / Second to Die / Триллер / 2000
2025-03-06 00:49:36,172 - INFO - Начинаю скачивание: Секунда до смерти / Second to Die / Триллер / 2000
2025-03-06 00:51:02,360 - INFO - Завершено скачивание: Америкэн бой / Криминальный Боевик / 1992
2025-03-06 00:51:02,386 - INFO - Успешно скачано: Америкэн бой / Криминальный Боевик / 1992
2025-03-06 00:51:05,413 - INFO - Получена информация о видео: Алмазы шаха / Детектив / 1992
2025-03-06 00:51:05,413 - INFO - Начинаю скачивание: Алмазы шаха / Детектив / 1992
2025-03-06 00:51:58,148 - INFO - Завершено скачивание: Секунда до смерти / Second to Die / Триллер / 2000
2025-03-06 00:51:58,177 - INFO - Успешно скачано: Секунда до смерти / Second to Die / Триллер / 2000
2025-03-06 00:52:01,739 - INFO - Получена информация о видео: Казино / Детектив / 1992
2025-03-06 00:52:01,739 - INFO - Начинаю скачивание: Казино / Детектив / 1992
2025-03-06 00:53:07,675 - INFO - Завершено скачивание: Алмазы шаха / Детектив / 1992
2025-03-06 00:53:07,707 - INFO - Успешно скачано: Алмазы шаха / Детектив / 1992
2025-03-06 00:53:11,412 - INFO - Получена информация о видео: Чертовы куклы / Комедия / 1993
2025-03-06 00:53:11,412 - INFO - Начинаю скачивание: Чертовы куклы / Комедия / 1993
2025-03-06 00:54:00,843 - INFO - Завершено скачивание: Казино / Детектив / 1992
2025-03-06 00:54:00,859 - INFO - Успешно скачано: Казино / Детектив / 1992
2025-03-06 00:54:02,612 - ERROR - Не удалось получить информацию о видео: https://www.youtube.com/watch?v=_fuXb4EFUOw
2025-03-06 00:54:04,388 - ERROR - Не удалось получить информацию о видео: https://www.youtube.com/watch?v=PfzEN9OqQqA
2025-03-06 00:54:07,602 - INFO - Получена информация о видео: Бег от смерти / Криминальный Боевик / 1997
2025-03-06 00:54:07,602 - INFO - Начинаю скачивание: Бег от смерти / Криминальный Боевик / 1997
2025-03-06 00:54:20,990 - INFO - Завершено скачивание: Чертовы куклы / Комедия / 1993
2025-03-06 00:54:21,020 - INFO - Успешно скачано: Чертовы куклы / Комедия / 1993
2025-03-06 00:54:24,159 - INFO - Получена информация о видео: Убить лицедея / Боевик / 1998
2025-03-06 00:54:24,159 - INFO - Начинаю скачивание: Убить лицедея / Боевик / 1998
2025-03-06 00:55:52,498 - INFO - Завершено скачивание: Убить лицедея / Боевик / 1998
2025-03-06 00:55:52,515 - INFO - Успешно скачано: Убить лицедея / Боевик / 1998
2025-03-06 00:55:56,162 - INFO - Получена информация о видео: Бравые парни / Комедия / 1993
2025-03-06 00:55:56,162 - INFO - Начинаю скачивание: Бравые парни / Комедия / 1993
2025-03-06 00:55:59,249 - INFO - Завершено скачивание: Бег от смерти / Криминальный Боевик / 1997
2025-03-06 00:55:59,264 - INFO - Успешно скачано: Бег от смерти / Криминальный Боевик / 1997
2025-03-06 00:56:02,718 - INFO - Получена информация о видео: Рай под тенью сабель / Боевик, Биография, История, Драма / 1992
2025-03-06 00:56:02,718 - INFO - Начинаю скачивание: Рай под тенью сабель / Боевик, Биография, История, Драма / 1992
2025-03-06 00:56:50,564 - INFO - Завершено скачивание: Бравые парни / Комедия / 1993
2025-03-06 00:56:50,599 - INFO - Успешно скачано: Бравые парни / Комедия / 1993
2025-03-06 00:56:53,889 - INFO - Получена информация о видео: Борец. Все серии / Драма, Спорт / 2017
2025-03-06 00:56:53,889 - INFO - Начинаю скачивание: Борец. Все серии / Драма, Спорт / 2017
2025-03-06 00:57:04,336 - INFO - Завершено скачивание: Рай под тенью сабель / Боевик, Биография, История, Драма / 1992
2025-03-06 00:57:04,365 - INFO - Успешно скачано: Рай под тенью сабель / Боевик, Биография, История, Драма / 1992
2025-03-06 00:57:07,738 - INFO - Получена информация о видео: Львиная доля / Боевик / 2001
2025-03-06 00:57:07,738 - INFO - Начинаю скачивание: Львиная доля / Боевик / 2001
2025-03-06 00:58:40,968 - INFO - Завершено скачивание: Борец. Все серии / Драма, Спорт / 2017
2025-03-06 00:58:41,000 - INFO - Успешно скачано: Борец. Все серии / Драма, Спорт / 2017
2025-03-06 00:58:44,313 - INFO - Получена информация о видео: Брак по-итальянски / Matrimonio all'italiana / Комедия, Драма / 1964
2025-03-06 00:58:44,313 - INFO - Начинаю скачивание: Брак по-итальянски / Matrimonio all'italiana / Комедия, Драма / 1964
2025-03-06 00:59:41,077 - INFO - Завершено скачивание: Брак по-итальянски / Matrimonio all'italiana / Комедия, Драма / 1964
2025-03-06 00:59:41,109 - INFO - Успешно скачано: Брак по-итальянски / Matrimonio all'italiana / Комедия, Драма / 1964
2025-03-06 00:59:44,776 - INFO - Получена информация о видео: Все маленькие животные / All the Little Animals /  Триллер, Драма / 1998
2025-03-06 00:59:44,776 - INFO - Начинаю скачивание: Все маленькие животные / All the Little Animals /  Триллер, Драма / 1998
2025-03-06 01:02:42,547 - INFO - Завершено скачивание: Все маленькие животные / All the Little Animals /  Триллер, Драма / 1998
2025-03-06 01:02:42,580 - INFO - Успешно скачано: Все маленькие животные / All the Little Animals /  Триллер, Драма / 1998
2025-03-06 01:02:46,761 - INFO - Получена информация о видео: Кровь и вино / Blood and Wine / Триллер, Драма, Криминал / 1996
2025-03-06 01:02:46,761 - INFO - Начинаю скачивание: Кровь и вино / Blood and Wine / Триллер, Драма, Криминал / 1996
2025-03-06 01:03:41,251 - INFO - Завершено скачивание: Львиная доля / Боевик / 2001
2025-03-06 01:03:41,267 - INFO - Успешно скачано: Львиная доля / Боевик / 2001
2025-03-06 01:03:44,674 - INFO - Получена информация о видео: Мементо / Memento / Триллер, Драма, Детектив / 2000
2025-03-06 01:03:44,674 - INFO - Начинаю скачивание: Мементо / Memento / Триллер, Драма, Детектив / 2000
2025-03-06 01:04:21,697 - INFO - Завершено скачивание: Кровь и вино / Blood and Wine / Триллер, Драма, Криминал / 1996
2025-03-06 01:04:21,733 - INFO - Успешно скачано: Кровь и вино / Blood and Wine / Триллер, Драма, Криминал / 1996
2025-03-06 01:04:24,721 - INFO - Получена информация о видео: Королевская битва / Battle Royal / Боевик, Фантастика, Триллер / 2000
2025-03-06 01:04:24,721 - INFO - Начинаю скачивание: Королевская битва / Battle Royal / Боевик, Фантастика, Триллер / 2000
2025-03-06 01:04:46,188 - INFO - Завершено скачивание: Мементо / Memento / Триллер, Драма, Детектив / 2000
2025-03-06 01:04:46,220 - INFO - Успешно скачано: Мементо / Memento / Триллер, Драма, Детектив / 2000
2025-03-06 01:04:49,726 - INFO - Получена информация о видео: Железная обезьяна / Iron Monkey / Боевик, Драма, Криминал / 1993
2025-03-06 01:04:49,726 - INFO - Начинаю скачивание: Железная обезьяна / Iron Monkey / Боевик, Драма, Криминал / 1993
2025-03-06 01:06:30,234 - INFO - Завершено скачивание: Железная обезьяна / Iron Monkey / Боевик, Драма, Криминал / 1993
2025-03-06 01:06:30,261 - INFO - Успешно скачано: Железная обезьяна / Iron Monkey / Боевик, Драма, Криминал / 1993
2025-03-06 01:06:33,308 - INFO - Получена информация о видео: Ворон / Raven / Боевик / 1996
2025-03-06 01:06:33,308 - INFO - Начинаю скачивание: Ворон / Raven / Боевик / 1996
2025-03-06 01:07:19,049 - INFO - Завершено скачивание: Королевская битва / Battle Royal / Боевик, Фантастика, Триллер / 2000
2025-03-06 01:07:19,083 - INFO - Успешно скачано: Королевская битва / Battle Royal / Боевик, Фантастика, Триллер / 2000
2025-03-06 01:07:22,060 - INFO - Получена информация о видео: Проект «Альфа» / Боевик, Военный / 1990
2025-03-06 01:07:22,060 - INFO - Начинаю скачивание: Проект «Альфа» / Боевик, Военный / 1990
2025-03-06 01:09:08,738 - INFO - Завершено скачивание: Проект «Альфа» / Боевик, Военный / 1990
2025-03-06 01:09:08,785 - INFO - Успешно скачано: Проект «Альфа» / Боевик, Военный / 1990
2025-03-06 01:09:12,154 - INFO - Получена информация о видео: В спальне / In The Bedroom / Драма, Криминал / 2001
2025-03-06 01:09:12,154 - INFO - Начинаю скачивание: В спальне / In The Bedroom / Драма, Криминал / 2001
2025-03-06 01:09:31,915 - INFO - Завершено скачивание: Ворон / Raven / Боевик / 1996
2025-03-06 01:09:31,947 - INFO - Успешно скачано: Ворон / Raven / Боевик / 1996
2025-03-06 01:09:35,065 - INFO - Получена информация о видео: Силач Санта-Клаус / Santa with Muscles / Комедия / 1996
2025-03-06 01:09:35,065 - INFO - Начинаю скачивание: Силач Санта-Клаус / Santa with Muscles / Комедия / 1996
2025-03-06 01:10:28,952 - INFO - Завершено скачивание: В спальне / In The Bedroom / Драма, Криминал / 2001
2025-03-06 01:10:28,984 - INFO - Успешно скачано: В спальне / In The Bedroom / Драма, Криминал / 2001
2025-03-06 01:10:32,464 - INFO - Получена информация о видео: Дорога на Арлингтон / Arlington Road / Триллер, Драма / 1998
2025-03-06 01:10:32,464 - INFO - Начинаю скачивание: Дорога на Арлингтон / Arlington Road / Триллер, Драма / 1998
2025-03-06 01:12:37,088 - INFO - Завершено скачивание: Дорога на Арлингтон / Arlington Road / Триллер, Драма / 1998
2025-03-06 01:12:37,120 - INFO - Успешно скачано: Дорога на Арлингтон / Arlington Road / Триллер, Драма / 1998
2025-03-06 01:12:40,465 - INFO - Получена информация о видео: Фантоцци берет реванш / Fantozzi alla riscossa / Комедия / 1990
2025-03-06 01:12:40,465 - INFO - Начинаю скачивание: Фантоцци берет реванш / Fantozzi alla riscossa / Комедия / 1990
2025-03-06 01:13:26,805 - INFO - Завершено скачивание: Фантоцци берет реванш / Fantozzi alla riscossa / Комедия / 1990
2025-03-06 01:13:26,843 - INFO - Успешно скачано: Фантоцци берет реванш / Fantozzi alla riscossa / Комедия / 1990
2025-03-06 01:13:29,910 - INFO - Получена информация о видео: Воздушный охотник / Storm Catcher / Боевик, Триллер/ 1999
2025-03-06 01:13:29,910 - INFO - Начинаю скачивание: Воздушный охотник / Storm Catcher / Боевик, Триллер/ 1999
2025-03-06 01:15:00,657 - INFO - Завершено скачивание: Воздушный охотник / Storm Catcher / Боевик, Триллер/ 1999
2025-03-06 01:15:00,673 - INFO - Успешно скачано: Воздушный охотник / Storm Catcher / Боевик, Триллер/ 1999
2025-03-06 01:15:03,717 - INFO - Получена информация о видео: Дети кукурузы 2: Последняя жертва /Children of the Corn II:The Final Sacrifice/ Ужасы,Триллер / 1992
2025-03-06 01:15:03,717 - INFO - Начинаю скачивание: Дети кукурузы 2: Последняя жертва /Children of the Corn II:The Final Sacrifice/ Ужасы,Триллер / 1992
2025-03-06 01:15:36,049 - INFO - Завершено скачивание: Силач Санта-Клаус / Santa with Muscles / Комедия / 1996
2025-03-06 01:15:36,080 - INFO - Успешно скачано: Силач Санта-Клаус / Santa with Muscles / Комедия / 1996
2025-03-06 01:15:39,102 - INFO - Получена информация о видео: Дети кукурузы 3: Городская жатва / Children of the Corn III: Urban Harvest / Ужасы, Триллер / 1994
2025-03-06 01:15:39,102 - INFO - Начинаю скачивание: Дети кукурузы 3: Городская жатва / Children of the Corn III: Urban Harvest / Ужасы, Триллер / 1994
2025-03-06 01:16:16,769 - INFO - Завершено скачивание: Дети кукурузы 2: Последняя жертва /Children of the Corn II:The Final Sacrifice/ Ужасы,Триллер / 1992
2025-03-06 01:16:16,805 - INFO - Успешно скачано: Дети кукурузы 2: Последняя жертва /Children of the Corn II:The Final Sacrifice/ Ужасы,Триллер / 1992
2025-03-06 01:16:19,730 - INFO - Получена информация о видео: Однажды в Китае 2 / Wong Fei Hung II: Nam yee tung chi keung / Боевик, Приключения / 1992
2025-03-06 01:16:19,746 - INFO - Начинаю скачивание: Однажды в Китае 2 / Wong Fei Hung II: Nam yee tung chi keung / Боевик, Приключения / 1992
2025-03-06 01:16:53,151 - INFO - Завершено скачивание: Дети кукурузы 3: Городская жатва / Children of the Corn III: Urban Harvest / Ужасы, Триллер / 1994
2025-03-06 01:16:53,182 - INFO - Успешно скачано: Дети кукурузы 3: Городская жатва / Children of the Corn III: Urban Harvest / Ужасы, Триллер / 1994
2025-03-06 01:16:56,154 - INFO - Получена информация о видео: Однажды в Китае 3 / Wong Fei Hung III: Si wong jaang ba / Боевик / 1992
2025-03-06 01:16:56,154 - INFO - Начинаю скачивание: Однажды в Китае 3 / Wong Fei Hung III: Si wong jaang ba / Боевик / 1992
2025-03-06 01:18:13,572 - INFO - Завершено скачивание: Однажды в Китае 2 / Wong Fei Hung II: Nam yee tung chi keung / Боевик, Приключения / 1992
2025-03-06 01:18:13,600 - INFO - Успешно скачано: Однажды в Китае 2 / Wong Fei Hung II: Nam yee tung chi keung / Боевик, Приключения / 1992
2025-03-06 01:18:16,708 - INFO - Получена информация о видео: Донни Дарко / Donnie Darko / Фантастика, Триллер / 2001
2025-03-06 01:18:16,708 - INFO - Начинаю скачивание: Донни Дарко / Donnie Darko / Фантастика, Триллер / 2001
2025-03-06 01:19:07,909 - INFO - Завершено скачивание: Однажды в Китае 3 / Wong Fei Hung III: Si wong jaang ba / Боевик / 1992
2025-03-06 01:19:07,941 - INFO - Успешно скачано: Однажды в Китае 3 / Wong Fei Hung III: Si wong jaang ba / Боевик / 1992
2025-03-06 01:19:10,922 - INFO - Получена информация о видео: Планета Ка-Пэкс / K-PAX / Фантастика, Драма / 2001
2025-03-06 01:19:10,922 - INFO - Начинаю скачивание: Планета Ка-Пэкс / K-PAX / Фантастика, Драма / 2001
2025-03-06 01:20:44,791 - INFO - Завершено скачивание: Планета Ка-Пэкс / K-PAX / Фантастика, Драма / 2001
2025-03-06 01:20:44,823 - INFO - Успешно скачано: Планета Ка-Пэкс / K-PAX / Фантастика, Драма / 2001
2025-03-06 01:20:47,719 - INFO - Получена информация о видео: Афера / Криминал / 2001
2025-03-06 01:20:47,719 - INFO - Начинаю скачивание: Афера / Криминал / 2001
2025-03-06 01:20:47,782 - INFO - Завершено скачивание: Донни Дарко / Donnie Darko / Фантастика, Триллер / 2001
2025-03-06 01:20:47,830 - INFO - Успешно скачано: Донни Дарко / Donnie Darko / Фантастика, Триллер / 2001
2025-03-06 01:20:51,838 - INFO - Получена информация о видео: Звонок / Ringu / Ужасы, Триллер / 1998
2025-03-06 01:20:51,838 - INFO - Начинаю скачивание: Звонок / Ringu / Ужасы, Триллер / 1998
2025-03-06 01:21:35,135 - INFO - Завершено скачивание: Афера / Криминал / 2001
2025-03-06 01:21:35,167 - INFO - Успешно скачано: Афера / Криминал / 2001
2025-03-06 01:24:03,630 - INFO - Завершено скачивание: Звонок / Ringu / Ужасы, Триллер / 1998
2025-03-06 01:24:03,664 - INFO - Успешно скачано: Звонок / Ringu / Ужасы, Триллер / 1998
2025-03-06 01:24:03,678 - INFO - Успешно скачано 34 из 36 видео
2025-03-06 01:34:37,786 - INFO - Обработка плейлиста: https://www.youtube.com/playlist?list=PLtB5fB96eFapvrkX9GB2zqoQRIkzu3-9r
2025-03-06 01:34:37,786 - INFO - Используем cookies.txt для авторизации
2025-03-06 01:34:39,635 - INFO - Найдено 180 видео в плейлисте
2025-03-06 01:34:42,788 - INFO - Получена информация о видео: Тесть-драйв / Test-drayv / Комедия / 2021
2025-03-06 01:34:42,788 - INFO - Начинаю скачивание: Тесть-драйв / Test-drayv / Комедия / 2021
2025-03-06 01:35:24,514 - INFO - Завершено скачивание: Тесть-драйв / Test-drayv / Комедия / 2021
2025-03-06 01:35:24,540 - INFO - Успешно скачано: Тесть-драйв / Test-drayv / Комедия / 2021
2025-03-06 01:35:25,387 - ERROR - Task exception was never retrieved
future: <Task finished name='Task-1' coro=<process_playlist() done, defined at C:\Users\webse\OneDrive\Рабочий стол\moviesdownloader\download_movies.py:190> exception=KeyboardInterrupt()>
Traceback (most recent call last):
  File "C:\Users\webse\OneDrive\Рабочий стол\moviesdownloader\download_movies.py", line 282, in main
    asyncio.run(process_playlist(playlist_url))
  File "C:\Users\webse\AppData\Local\Programs\Python\Python310\lib\asyncio\runners.py", line 47, in run
    _cancel_all_tasks(loop)
  File "C:\Users\webse\AppData\Local\Programs\Python\Python310\lib\asyncio\runners.py", line 63, in _cancel_all_tasks
    loop.run_until_complete(tasks.gather(*to_cancel, return_exceptions=True))
  File "C:\Users\webse\AppData\Local\Programs\Python\Python310\lib\asyncio\base_events.py", line 628, in run_until_complete
    self.run_forever()
  File "C:\Users\webse\AppData\Local\Programs\Python\Python310\lib\asyncio\windows_events.py", line 316, in run_forever
    super().run_forever()
  File "C:\Users\webse\AppData\Local\Programs\Python\Python310\lib\asyncio\base_events.py", line 595, in run_forever
    self._run_once()
  File "C:\Users\webse\AppData\Local\Programs\Python\Python310\lib\asyncio\base_events.py", line 1881, in _run_once
    handle._run()
  File "C:\Users\webse\AppData\Local\Programs\Python\Python310\lib\asyncio\events.py", line 80, in _run
    self._context.run(self._callback, *self._args)
  File "C:\Users\webse\OneDrive\Рабочий стол\moviesdownloader\download_movies.py", line 246, in process_playlist
    downloaded_videos = await asyncio.gather(*tasks)
  File "C:\Users\webse\AppData\Local\Programs\Python\Python310\lib\asyncio\runners.py", line 44, in run
    return loop.run_until_complete(main)
  File "C:\Users\webse\AppData\Local\Programs\Python\Python310\lib\asyncio\base_events.py", line 628, in run_until_complete
    self.run_forever()
  File "C:\Users\webse\AppData\Local\Programs\Python\Python310\lib\asyncio\windows_events.py", line 316, in run_forever
    super().run_forever()
  File "C:\Users\webse\AppData\Local\Programs\Python\Python310\lib\asyncio\base_events.py", line 595, in run_forever
    self._run_once()
  File "C:\Users\webse\AppData\Local\Programs\Python\Python310\lib\asyncio\base_events.py", line 1881, in _run_once
    handle._run()
  File "C:\Users\webse\AppData\Local\Programs\Python\Python310\lib\asyncio\events.py", line 80, in _run
    self._context.run(self._callback, *self._args)
  File "C:\Users\webse\OneDrive\Рабочий стол\moviesdownloader\download_movies.py", line 149, in download_video
    info = ydl.extract_info(url, download=False)
  File "C:\Users\webse\AppData\Local\Programs\Python\Python310\lib\site-packages\yt_dlp\YoutubeDL.py", line 1626, in extract_info
    return self.__extract_info(url, self.get_info_extractor(key), download, extra_info, process)
  File "C:\Users\webse\AppData\Local\Programs\Python\Python310\lib\site-packages\yt_dlp\YoutubeDL.py", line 1637, in wrapper
    return func(self, *args, **kwargs)
  File "C:\Users\webse\AppData\Local\Programs\Python\Python310\lib\site-packages\yt_dlp\YoutubeDL.py", line 1772, in __extract_info
    ie_result = ie.extract(url)
  File "C:\Users\webse\AppData\Local\Programs\Python\Python310\lib\site-packages\yt_dlp\extractor\common.py", line 746, in extract
    ie_result = self._real_extract(url)
  File "C:\Users\webse\AppData\Local\Programs\Python\Python310\lib\site-packages\yt_dlp\extractor\youtube.py", line 4618, in _real_extract
    webpage, master_ytcfg, player_responses, player_url = self._download_player_responses(url, smuggled_data, video_id, webpage_url)
  File "C:\Users\webse\AppData\Local\Programs\Python\Python310\lib\site-packages\yt_dlp\extractor\youtube.py", line 4578, in _download_player_responses
    webpage = self._download_webpage_with_retries(webpage_url, video_id, query=query)
  File "C:\Users\webse\AppData\Local\Programs\Python\Python310\lib\site-packages\yt_dlp\extractor\youtube.py", line 863, in _download_webpage_with_retries
    return self._download_webpage(*args, **kwargs)
  File "C:\Users\webse\AppData\Local\Programs\Python\Python310\lib\site-packages\yt_dlp\extractor\common.py", line 1192, in _download_webpage
    return self.__download_webpage(url_or_request, video_id, note, errnote, None, fatal, *args, **kwargs)
  File "C:\Users\webse\AppData\Local\Programs\Python\Python310\lib\site-packages\yt_dlp\extractor\common.py", line 1143, in download_content
    res = getattr(self, download_handle.__name__)(url_or_request, video_id, **kwargs)
  File "C:\Users\webse\AppData\Local\Programs\Python\Python310\lib\site-packages\yt_dlp\extractor\common.py", line 972, in _download_webpage_handle
    content = self._webpage_read_content(urlh, url_or_request, video_id, note, errnote, fatal,
  File "C:\Users\webse\AppData\Local\Programs\Python\Python310\lib\site-packages\yt_dlp\extractor\common.py", line 1035, in _webpage_read_content
    webpage_bytes = urlh.read()
  File "C:\Users\webse\AppData\Local\Programs\Python\Python310\lib\site-packages\yt_dlp\networking\_requests.py", line 143, in read
    return self.fp.read(amt, decode_content=True)
  File "C:\Users\webse\AppData\Local\Programs\Python\Python310\lib\site-packages\urllib3\response.py", line 567, in read
    data = self._fp_read(amt) if not fp_closed else b""
  File "C:\Users\webse\AppData\Local\Programs\Python\Python310\lib\site-packages\urllib3\response.py", line 533, in _fp_read
    return self._fp.read(amt) if amt is not None else self._fp.read()
  File "C:\Users\webse\AppData\Local\Programs\Python\Python310\lib\http\client.py", line 458, in read
    return self._read_chunked(amt)
  File "C:\Users\webse\AppData\Local\Programs\Python\Python310\lib\http\client.py", line 581, in _read_chunked
    chunk_left = self._get_chunk_left()
  File "C:\Users\webse\AppData\Local\Programs\Python\Python310\lib\http\client.py", line 564, in _get_chunk_left
    chunk_left = self._read_next_chunk_size()
  File "C:\Users\webse\AppData\Local\Programs\Python\Python310\lib\http\client.py", line 524, in _read_next_chunk_size
    line = self.fp.readline(_MAXLINE + 1)
  File "C:\Users\webse\AppData\Local\Programs\Python\Python310\lib\socket.py", line 705, in readinto
    return self._sock.recv_into(b)
  File "C:\Users\webse\AppData\Local\Programs\Python\Python310\lib\ssl.py", line 1273, in recv_into
    return self.read(nbytes, buffer)
  File "C:\Users\webse\AppData\Local\Programs\Python\Python310\lib\ssl.py", line 1129, in read
    return self._sslobj.read(len, buffer)
KeyboardInterrupt
2025-03-06 01:37:50,816 - INFO - Обработка плейлиста: https://www.youtube.com/playlist?list=PLtB5fB96eFapvrkX9GB2zqoQRIkzu3-9r
2025-03-06 01:37:50,816 - INFO - Используем cookies.txt для авторизации
2025-03-06 01:37:52,785 - INFO - Найдено видео в плейлисте: 180, будет скачано: 30
2025-03-06 01:37:55,925 - INFO - Получена информация о видео: Тесть-драйв / Test-drayv / Комедия / 2021
2025-03-06 01:37:55,925 - INFO - Начинаю скачивание: Тесть-драйв / Test-drayv / Комедия / 2021
2025-03-06 01:37:59,833 - INFO - Получена информация о видео: Гранит / Боевик /2021
2025-03-06 01:37:59,833 - INFO - Начинаю скачивание: Гранит / Боевик /2021
2025-03-06 01:38:47,083 - INFO - Обработка плейлиста: https://www.youtube.com/playlist?list=PLtB5fB96eFapvrkX9GB2zqoQRIkzu3-9r
2025-03-06 01:38:47,084 - INFO - Используем cookies.txt для авторизации
2025-03-06 01:38:48,858 - INFO - Найдено видео в плейлисте: 180, будет скачано: 30
2025-03-06 01:38:51,975 - INFO - Получена информация о видео: Тесть-драйв / Test-drayv / Комедия / 2021
2025-03-06 01:38:51,975 - INFO - Начинаю скачивание: Тесть-драйв / Test-drayv / Комедия / 2021
2025-03-06 01:39:17,897 - INFO - Завершено скачивание: Тесть-драйв / Test-drayv / Комедия / 2021
2025-03-06 01:39:17,933 - INFO - Успешно скачано: Тесть-драйв / Test-drayv / Комедия / 2021
2025-03-06 01:39:20,954 - INFO - Получена информация о видео: Гранит / Боевик /2021
2025-03-06 01:39:20,954 - INFO - Начинаю скачивание: Гранит / Боевик /2021
2025-03-06 01:41:06,622 - INFO - Завершено скачивание: Гранит / Боевик /2021
2025-03-06 01:41:06,654 - INFO - Успешно скачано: Гранит / Боевик /2021
2025-03-06 01:41:09,641 - INFO - Получена информация о видео: Смертельный пранк / Uploaded / Триллер / 2021
2025-03-06 01:41:09,641 - INFO - Начинаю скачивание: Смертельный пранк / Uploaded / Триллер / 2021
2025-03-06 01:42:30,824 - INFO - Завершено скачивание: Смертельный пранк / Uploaded / Триллер / 2021
2025-03-06 01:42:30,839 - INFO - Успешно скачано: Смертельный пранк / Uploaded / Триллер / 2021
2025-03-06 01:42:32,564 - ERROR - Не удалось получить информацию о видео: https://www.youtube.com/watch?v=UGaNU86ESCo
2025-03-06 01:42:34,288 - ERROR - Не удалось получить информацию о видео: https://www.youtube.com/watch?v=gfrdN7RGlcs
2025-03-06 01:42:37,359 - INFO - Получена информация о видео: По соседству / Next door / Драма, Комедия / 2021
2025-03-06 01:42:37,359 - INFO - Начинаю скачивание: По соседству / Next door / Драма, Комедия / 2021
2025-03-06 01:46:25,356 - INFO - Завершено скачивание: По соседству / Next door / Драма, Комедия / 2021
2025-03-06 01:46:25,372 - INFO - Успешно скачано: По соседству / Next door / Драма, Комедия / 2021
2025-03-06 01:46:28,500 - INFO - Получена информация о видео: Инопланетное вторжение / Alien Conquest / Фантастика, Боевик / 2021
2025-03-06 01:46:28,501 - INFO - Начинаю скачивание: Инопланетное вторжение / Alien Conquest / Фантастика, Боевик / 2021
2025-03-06 01:47:21,219 - INFO - Завершено скачивание: Инопланетное вторжение / Alien Conquest / Фантастика, Боевик / 2021
2025-03-06 01:47:21,235 - INFO - Успешно скачано: Инопланетное вторжение / Alien Conquest / Фантастика, Боевик / 2021
2025-03-06 01:47:24,228 - INFO - Получена информация о видео: Память / Memoria / Фантастика, Драма, Детектив / 2021
2025-03-06 01:47:24,228 - INFO - Начинаю скачивание: Память / Memoria / Фантастика, Драма, Детектив / 2021
2025-03-06 01:49:07,087 - INFO - Завершено скачивание: Память / Memoria / Фантастика, Драма, Детектив / 2021
2025-03-06 01:49:07,092 - INFO - Успешно скачано: Память / Memoria / Фантастика, Драма, Детектив / 2021
2025-03-06 01:49:10,172 - INFO - Получена информация о видео: Хунны / Боевик, Приключения / 2021
2025-03-06 01:49:10,172 - INFO - Начинаю скачивание: Хунны / Боевик, Приключения / 2021
2025-03-06 01:49:39,428 - INFO - Завершено скачивание: Хунны / Боевик, Приключения / 2021
2025-03-06 01:49:39,441 - INFO - Успешно скачано: Хунны / Боевик, Приключения / 2021
2025-03-06 01:49:42,550 - INFO - Получена информация о видео: Опасный урок / Last the Night / Триллер / 2022
2025-03-06 01:49:42,550 - INFO - Начинаю скачивание: Опасный урок / Last the Night / Триллер / 2022
2025-03-06 01:51:27,495 - INFO - Завершено скачивание: Опасный урок / Last the Night / Триллер / 2022
2025-03-06 01:51:27,508 - INFO - Успешно скачано: Опасный урок / Last the Night / Триллер / 2022
2025-03-06 01:51:30,507 - INFO - Получена информация о видео: Вторжение / An Intrusion / Триллер, Драма, Криминал / 2021
2025-03-06 01:51:30,507 - INFO - Начинаю скачивание: Вторжение / An Intrusion / Триллер, Драма, Криминал / 2021
2025-03-06 01:52:46,152 - INFO - Завершено скачивание: Вторжение / An Intrusion / Триллер, Драма, Криминал / 2021
2025-03-06 01:52:46,169 - INFO - Успешно скачано: Вторжение / An Intrusion / Триллер, Драма, Криминал / 2021
2025-03-06 01:52:49,244 - INFO - Получена информация о видео: После Чернобыля / Ужасы, Триллер, Детектив / 2021
2025-03-06 01:52:49,245 - INFO - Начинаю скачивание: После Чернобыля / Ужасы, Триллер, Детектив / 2021
2025-03-06 01:53:54,708 - INFO - Завершено скачивание: После Чернобыля / Ужасы, Триллер, Детектив / 2021
2025-03-06 01:53:54,724 - INFO - Успешно скачано: После Чернобыля / Ужасы, Триллер, Детектив / 2021
2025-03-06 01:53:57,769 - INFO - Получена информация о видео: Судьба по книге перемен / Детектив / 2022
2025-03-06 01:53:57,769 - INFO - Начинаю скачивание: Судьба по книге перемен / Детектив / 2022
2025-03-06 02:02:22,557 - INFO - Завершено скачивание: Судьба по книге перемен / Детектив / 2022
2025-03-06 02:02:22,570 - INFO - Успешно скачано: Судьба по книге перемен / Детектив / 2022
2025-03-06 02:02:25,520 - INFO - Получена информация о видео: Убежище / Триллер, Драма / 2022
2025-03-06 02:02:25,528 - INFO - Начинаю скачивание: Убежище / Триллер, Драма / 2022
2025-03-06 02:03:37,937 - INFO - Завершено скачивание: Убежище / Триллер, Драма / 2022
2025-03-06 02:03:37,954 - INFO - Успешно скачано: Убежище / Триллер, Драма / 2022
2025-03-06 02:03:41,057 - INFO - Получена информация о видео: Дьяволик / Diabolik / Боевик, Триллер, Криминал, Детектив / 2021
2025-03-06 02:03:41,057 - INFO - Начинаю скачивание: Дьяволик / Diabolik / Боевик, Триллер, Криминал, Детектив / 2021
2025-03-06 02:05:17,569 - INFO - Завершено скачивание: Дьяволик / Diabolik / Боевик, Триллер, Криминал, Детектив / 2021
2025-03-06 02:05:17,601 - INFO - Успешно скачано: Дьяволик / Diabolik / Боевик, Триллер, Криминал, Детектив / 2021
2025-03-06 02:05:20,663 - INFO - Получена информация о видео: Семья года / Комедия / 2021
2025-03-06 02:05:20,663 - INFO - Начинаю скачивание: Семья года / Комедия / 2021
2025-03-06 02:06:51,411 - INFO - Завершено скачивание: Семья года / Комедия / 2021
2025-03-06 02:06:51,436 - INFO - Успешно скачано: Семья года / Комедия / 2021
2025-03-06 02:06:54,598 - INFO - Получена информация о видео: Напарники. Все серии  / Детектив, Комедия / 2022
2025-03-06 02:06:54,601 - INFO - Начинаю скачивание: Напарники. Все серии  / Детектив, Комедия / 2022
2025-03-06 02:08:11,516 - INFO - Завершено скачивание: Напарники. Все серии  / Детектив, Комедия / 2022
2025-03-06 02:08:11,541 - INFO - Успешно скачано: Напарники. Все серии  / Детектив, Комедия / 2022
2025-03-06 02:08:14,619 - INFO - Получена информация о видео: Запретная группа / Триллер / 2022
2025-03-06 02:08:14,619 - INFO - Начинаю скачивание: Запретная группа / Триллер / 2022
2025-03-06 02:11:04,834 - INFO - Завершено скачивание: Запретная группа / Триллер / 2022
2025-03-06 02:11:04,852 - INFO - Успешно скачано: Запретная группа / Триллер / 2022
2025-03-06 02:11:06,916 - ERROR - Не удалось получить информацию о видео: https://www.youtube.com/watch?v=xj0im7dE_ks
2025-03-06 02:11:09,953 - INFO - Получена информация о видео: 48 часов. 1-8 серии / Детектив, Комедия / 2021
2025-03-06 02:11:09,953 - INFO - Начинаю скачивание: 48 часов. 1-8 серии / Детектив, Комедия / 2021
2025-03-06 02:14:08,266 - INFO - Завершено скачивание: 48 часов. 1-8 серии / Детектив, Комедия / 2021
2025-03-06 02:14:08,298 - INFO - Успешно скачано: 48 часов. 1-8 серии / Детектив, Комедия / 2021
2025-03-06 02:14:11,524 - INFO - Получена информация о видео: 48 часов. 9-16 серии / Детектив, Комедия / 2021
2025-03-06 02:14:11,524 - INFO - Начинаю скачивание: 48 часов. 9-16 серии / Детектив, Комедия / 2021
2025-03-06 02:16:17,624 - INFO - Завершено скачивание: 48 часов. 9-16 серии / Детектив, Комедия / 2021
2025-03-06 02:16:17,661 - INFO - Успешно скачано: 48 часов. 9-16 серии / Детектив, Комедия / 2021
2025-03-06 02:16:20,808 - INFO - Получена информация о видео: Смертельная ловушка / Breath / Триллер, Драма / 2022
2025-03-06 02:16:20,808 - INFO - Начинаю скачивание: Смертельная ловушка / Breath / Триллер, Драма / 2022
2025-03-06 02:18:08,524 - INFO - Завершено скачивание: Смертельная ловушка / Breath / Триллер, Драма / 2022
2025-03-06 02:18:08,551 - INFO - Успешно скачано: Смертельная ловушка / Breath / Триллер, Драма / 2022
2025-03-06 02:18:11,676 - INFO - Получена информация о видео: Родитель / Драма / 2021
2025-03-06 02:18:11,676 - INFO - Начинаю скачивание: Родитель / Драма / 2021
2025-03-06 02:19:42,603 - INFO - Завершено скачивание: Родитель / Драма / 2021
2025-03-06 02:19:42,633 - INFO - Успешно скачано: Родитель / Драма / 2021
2025-03-06 02:19:45,661 - INFO - Получена информация о видео: Грубая сила / Brut Force / Триллер / 2022
2025-03-06 02:19:45,661 - INFO - Начинаю скачивание: Грубая сила / Brut Force / Триллер / 2022
2025-03-06 02:20:45,795 - INFO - Завершено скачивание: Грубая сила / Brut Force / Триллер / 2022
2025-03-06 02:20:45,821 - INFO - Успешно скачано: Грубая сила / Brut Force / Триллер / 2022
2025-03-06 02:20:49,003 - INFO - Получена информация о видео: Сердце револьвера / Heart of the gun / Вестерн, Триллер / 2021
2025-03-06 02:20:49,004 - INFO - Начинаю скачивание: Сердце револьвера / Heart of the gun / Вестерн, Триллер / 2021
2025-03-06 02:21:39,772 - INFO - Завершено скачивание: Сердце револьвера / Heart of the gun / Вестерн, Триллер / 2021
2025-03-06 02:21:39,802 - INFO - Успешно скачано: Сердце револьвера / Heart of the gun / Вестерн, Триллер / 2021
2025-03-06 02:21:44,115 - INFO - Получена информация о видео: Встреча выпускников / The Reunion / Триллер, Драма / 2022
2025-03-06 02:21:44,115 - INFO - Начинаю скачивание: Встреча выпускников / The Reunion / Триллер, Драма / 2022
2025-03-06 02:22:47,466 - INFO - Завершено скачивание: Встреча выпускников / The Reunion / Триллер, Драма / 2022
2025-03-06 02:22:47,492 - INFO - Успешно скачано: Встреча выпускников / The Reunion / Триллер, Драма / 2022
2025-03-06 02:22:50,706 - INFO - Получена информация о видео: Группа «Зета» 2. Все серии / Боевик, Криминал / 2009
2025-03-06 02:22:50,706 - INFO - Начинаю скачивание: Группа «Зета» 2. Все серии / Боевик, Криминал / 2009
2025-03-06 02:25:12,527 - INFO - Завершено скачивание: Группа «Зета» 2. Все серии / Боевик, Криминал / 2009
2025-03-06 02:25:12,562 - INFO - Успешно скачано: Группа «Зета» 2. Все серии / Боевик, Криминал / 2009
2025-03-06 02:25:14,401 - ERROR - Не удалось получить информацию о видео: https://www.youtube.com/watch?v=UxUrw5cREgA
2025-03-06 02:26:42,256 - INFO - Получена информация о видео: Бизнес по-русски / Комедия / 2022
2025-03-06 02:26:42,256 - INFO - Начинаю скачивание: Бизнес по-русски / Комедия / 2022
2025-03-06 02:27:07,720 - INFO - Завершено скачивание: Бизнес по-русски / Комедия / 2022
2025-03-06 02:27:07,743 - INFO - Успешно скачано: Бизнес по-русски / Комедия / 2022
2025-03-06 02:27:07,754 - INFO - Успешно скачано 26 из 30 видео
